  MODEL_C++.cpp
C:\Program Files\Microsoft Visual Studio\2022\Community\VC\Tools\MSVC\14.38.33130\include\limits.h(70,5): warning C4668: "__STDC_WANT_SECURE_LIB__" не задано как макроопределение препроцессора, замена на "0" для "#if/#elif"
  (компиляция исходного файла "MODEL_C++.cpp")
  
E:\WORK\SPH\PROGRAMMS\C++\MODEL_C++\MODEL_C++\MODEL_C++.cpp(56,24): warning C4244: =: преобразование "long double" в "double", возможна потеря данных
E:\WORK\SPH\PROGRAMMS\C++\MODEL_C++\MODEL_C++\MODEL_C++.cpp(113,15): warning C4456: объявление "i" скрывает предыдущее локальное объявление
  E:\WORK\SPH\PROGRAMMS\C++\MODEL_C++\MODEL_C++\MODEL_C++.cpp(30,11):
   см. объявление "i"
  
E:\WORK\SPH\PROGRAMMS\C++\MODEL_C++\MODEL_C++\MODEL_C++.cpp(18,31): warning C4189: DIAMETR: локальная переменная инициализирована, но не использована
E:\WORK\SPH\PROGRAMMS\C++\MODEL_C++\MODEL_C++\MODEL_C++.cpp(26,51): warning C4189: P: локальная переменная инициализирована, но не использована
  Создание кода
E:\WORK\SPH\PROGRAMMS\C++\MODEL_C++\MODEL_C++\MODEL_C++.cpp(47): warning C4710: "class std::basic_ostream<char,struct std::char_traits<char> > & __ptr64 __cdecl std::basic_ostream<char,struct std::char_traits<char> >::operator<<(int) __ptr64": функция не является встроенной.
E:\WORK\SPH\PROGRAMMS\C++\MODEL_C++\MODEL_C++\MODEL_C++.cpp(47): warning C4710: "class std::basic_ostream<char,struct std::char_traits<char> > & __ptr64 __cdecl std::basic_ostream<char,struct std::char_traits<char> >::operator<<(double) __ptr64": функция не является встроенной.
E:\WORK\SPH\PROGRAMMS\C++\MODEL_C++\MODEL_C++\MODEL_C++.cpp(47): warning C4710: "class std::basic_ostream<char,struct std::char_traits<char> > & __ptr64 __cdecl std::basic_ostream<char,struct std::char_traits<char> >::operator<<(double) __ptr64": функция не является встроенной.
E:\WORK\SPH\PROGRAMMS\C++\MODEL_C++\MODEL_C++\MODEL_C++.cpp(47): warning C4710: "class std::basic_ostream<char,struct std::char_traits<char> > & __ptr64 __cdecl std::basic_ostream<char,struct std::char_traits<char> >::operator<<(double) __ptr64": функция не является встроенной.
E:\WORK\SPH\PROGRAMMS\C++\MODEL_C++\MODEL_C++\MODEL_C++.cpp(47): warning C4710: "class std::basic_ostream<char,struct std::char_traits<char> > & __ptr64 __cdecl std::basic_ostream<char,struct std::char_traits<char> >::operator<<(double) __ptr64": функция не является встроенной.
E:\WORK\SPH\PROGRAMMS\C++\MODEL_C++\MODEL_C++\MODEL_C++.cpp(47): warning C4710: "class std::basic_ostream<char,struct std::char_traits<char> > & __ptr64 __cdecl std::basic_ostream<char,struct std::char_traits<char> >::operator<<(double) __ptr64": функция не является встроенной.
E:\WORK\SPH\PROGRAMMS\C++\MODEL_C++\MODEL_C++\MODEL_C++.cpp(47): warning C4710: "class std::basic_ostream<char,struct std::char_traits<char> > & __ptr64 __cdecl std::basic_ostream<char,struct std::char_traits<char> >::operator<<(class std::basic_ostream<char,struct std::char_traits<char> > & __ptr64 (__cdecl*)(class std::basic_ostream<char,struct std::char_traits<char> > & __ptr64)) __ptr64": функция не является встроенной.
E:\WORK\SPH\PROGRAMMS\C++\MODEL_C++\MODEL_C++\MODEL_C++.cpp(127): warning C4710: "class std::basic_ostream<char,struct std::char_traits<char> > & __ptr64 __cdecl std::basic_ostream<char,struct std::char_traits<char> >::operator<<(double) __ptr64": функция не является встроенной.
E:\WORK\SPH\PROGRAMMS\C++\MODEL_C++\MODEL_C++\MODEL_C++.cpp(127): warning C4710: "class std::basic_ostream<char,struct std::char_traits<char> > & __ptr64 __cdecl std::basic_ostream<char,struct std::char_traits<char> >::operator<<(double) __ptr64": функция не является встроенной.
E:\WORK\SPH\PROGRAMMS\C++\MODEL_C++\MODEL_C++\MODEL_C++.cpp(127): warning C4710: "class std::basic_ostream<char,struct std::char_traits<char> > & __ptr64 __cdecl std::basic_ostream<char,struct std::char_traits<char> >::operator<<(class std::basic_ostream<char,struct std::char_traits<char> > & __ptr64 (__cdecl*)(class std::basic_ostream<char,struct std::char_traits<char> > & __ptr64)) __ptr64": функция не является встроенной.
C:\Program Files\Microsoft Visual Studio\2022\Community\VC\Tools\MSVC\14.38.33130\include\xmemory(238): warning C4711: функция "void * __ptr64 __cdecl std::_Allocate_manually_vector_aligned<struct std::_Default_allocate_traits>(unsigned __int64)" выбрана для автоматического преобразования во встроенную
C:\Program Files\Microsoft Visual Studio\2022\Community\VC\Tools\MSVC\14.38.33130\include\xmemory(238): warning C4711: функция "void * __ptr64 __cdecl std::_Allocate_manually_vector_aligned<struct std::_Default_allocate_traits>(unsigned __int64)" выбрана для автоматического преобразования во встроенную
C:\Program Files\Microsoft Visual Studio\2022\Community\VC\Tools\MSVC\14.38.33130\include\xmemory(238): warning C4711: функция "void * __ptr64 __cdecl std::_Allocate_manually_vector_aligned<struct std::_Default_allocate_traits>(unsigned __int64)" выбрана для автоматического преобразования во встроенную
C:\Program Files\Microsoft Visual Studio\2022\Community\VC\Tools\MSVC\14.38.33130\include\xmemory(238): warning C4711: функция "void * __ptr64 __cdecl std::_Allocate_manually_vector_aligned<struct std::_Default_allocate_traits>(unsigned __int64)" выбрана для автоматического преобразования во встроенную
C:\Program Files\Microsoft Visual Studio\2022\Community\VC\Tools\MSVC\14.38.33130\include\xmemory(238): warning C4711: функция "void * __ptr64 __cdecl std::_Allocate_manually_vector_aligned<struct std::_Default_allocate_traits>(unsigned __int64)" выбрана для автоматического преобразования во встроенную
E:\WORK\SPH\PROGRAMMS\C++\MODEL_C++\MODEL_C++\MODEL_C++.cpp(127): warning C4711: функция "class std::basic_ostream<char,struct std::char_traits<char> > & __ptr64 __cdecl std::operator<<<char,struct std::char_traits<char>,class std::allocator<char> >(class std::basic_ostream<char,struct std::char_traits<char> > & __ptr64,class std::basic_string<char,struct std::char_traits<char>,class std::allocator<char> > const & __ptr64)" выбрана для автоматического преобразования во встроенную
E:\WORK\SPH\PROGRAMMS\C++\MODEL_C++\MODEL_C++\MODEL_C++.cpp(127): warning C4711: функция "class std::basic_ostream<char,struct std::char_traits<char> > & __ptr64 __cdecl std::operator<<<char,struct std::char_traits<char>,class std::allocator<char> >(class std::basic_ostream<char,struct std::char_traits<char> > & __ptr64,class std::basic_string<char,struct std::char_traits<char>,class std::allocator<char> > const & __ptr64)" выбрана для автоматического преобразования во встроенную
C:\Program Files\Microsoft Visual Studio\2022\Community\VC\Tools\MSVC\14.38.33130\include\xmemory(238): warning C4711: функция "void * __ptr64 __cdecl std::_Allocate_manually_vector_aligned<struct std::_Default_allocate_traits>(unsigned __int64)" выбрана для автоматического преобразования во встроенную
E:\WORK\SPH\PROGRAMMS\C++\MODEL_C++\MODEL_C++\MODEL_C++.cpp(32): warning C4711: функция "double __cdecl random(double,double)" выбрана для автоматического преобразования во встроенную
E:\WORK\SPH\PROGRAMMS\C++\MODEL_C++\MODEL_C++\MODEL_C++.cpp(33): warning C4711: функция "double __cdecl random(double,double)" выбрана для автоматического преобразования во встроенную
E:\WORK\SPH\PROGRAMMS\C++\MODEL_C++\MODEL_C++\MODEL_C++.cpp(34): warning C4711: функция "double __cdecl random(double,double)" выбрана для автоматического преобразования во встроенную
E:\WORK\SPH\PROGRAMMS\C++\MODEL_C++\MODEL_C++\MODEL_C++.cpp(36): warning C4711: функция "double __cdecl random(double,double)" выбрана для автоматического преобразования во встроенную
E:\WORK\SPH\PROGRAMMS\C++\MODEL_C++\MODEL_C++\MODEL_C++.cpp(35): warning C4711: функция "double __cdecl random(double,double)" выбрана для автоматического преобразования во встроенную
  1 of 334 functions ( 0.3%) were compiled, the rest were copied from previous compilation.
    0 functions were new in current compilation
    0 functions had inline decision re-evaluated but remain unchanged
  Создание кода завершено
  MODEL_C++.vcxproj -> E:\WORK\SPH\PROGRAMMS\C++\MODEL_C++\x64\Release\MODEL_C++.exe
