  MODEL_FIX_1.cpp
C:\Program Files\Microsoft Visual Studio\2022\Community\VC\Tools\MSVC\14.38.33130\include\limits.h(70,5): warning C4668: "__STDC_WANT_SECURE_LIB__" не задано как макроопределение препроцессора, замена на "0" для "#if/#elif"
  (компиляция исходного файла "MODEL_FIX_1.cpp")
  
C:\Program Files\Microsoft Visual Studio\2022\Community\VC\Tools\MSVC\14.38.33130\include\xmemory(163,5): warning C4365: аргумент: преобразование "long" в "unsigned int", несоответствие типов со знаком и без
  (компиляция исходного файла "MODEL_FIX_1.cpp")
  
C:\Program Files\Microsoft Visual Studio\2022\Community\VC\Tools\MSVC\14.38.33130\include\xmemory(173,5): warning C4365: аргумент: преобразование "long" в "unsigned int", несоответствие типов со знаком и без
  (компиляция исходного файла "MODEL_FIX_1.cpp")
  
C:\Program Files\Microsoft Visual Studio\2022\Community\VC\Tools\MSVC\14.38.33130\include\atomic(105,9): warning C4365: аргумент: преобразование "long" в "unsigned int", несоответствие типов со знаком и без
  (компиляция исходного файла "MODEL_FIX_1.cpp")
  
C:\Program Files\Microsoft Visual Studio\2022\Community\VC\Tools\MSVC\14.38.33130\include\atomic(360,9): warning C4365: аргумент: преобразование "long" в "unsigned int", несоответствие типов со знаком и без
  (компиляция исходного файла "MODEL_FIX_1.cpp")
  
C:\Program Files\Microsoft Visual Studio\2022\Community\VC\Tools\MSVC\14.38.33130\include\atomic(376,9): warning C4365: аргумент: преобразование "long" в "unsigned int", несоответствие типов со знаком и без
  (компиляция исходного файла "MODEL_FIX_1.cpp")
  
E:\WORK\SPH\PROGRAMMS\C++\MODEL_C++\MODEL_C++\MODEL_FIX_1.cpp(50,39): warning C4244: инициализация: преобразование "long double" в "double", возможна потеря данных
E:\WORK\SPH\PROGRAMMS\C++\MODEL_C++\MODEL_C++\MODEL_FIX_1.cpp(125,20): warning C4244: =: преобразование "long double" в "double", возможна потеря данных
E:\WORK\SPH\PROGRAMMS\C++\MODEL_C++\MODEL_C++\MODEL_FIX_1.cpp(135,11): warning C4244: =: преобразование "long double" в "double", возможна потеря данных
E:\WORK\SPH\PROGRAMMS\C++\MODEL_C++\MODEL_C++\MODEL_FIX_1.cpp(178,35): warning C4365: аргумент: преобразование "int" в "const unsigned __int64", несоответствие типов со знаком и без
E:\WORK\SPH\PROGRAMMS\C++\MODEL_C++\MODEL_C++\MODEL_FIX_1.cpp(192,22): warning C4365: аргумент: преобразование "int" в "const unsigned __int64", несоответствие типов со знаком и без
E:\WORK\SPH\PROGRAMMS\C++\MODEL_C++\MODEL_C++\MODEL_FIX_1.cpp(192,40): warning C4365: аргумент: преобразование "int" в "const unsigned __int64", несоответствие типов со знаком и без
E:\WORK\SPH\PROGRAMMS\C++\MODEL_C++\MODEL_C++\MODEL_FIX_1.cpp(193,22): warning C4365: аргумент: преобразование "int" в "const unsigned __int64", несоответствие типов со знаком и без
E:\WORK\SPH\PROGRAMMS\C++\MODEL_C++\MODEL_C++\MODEL_FIX_1.cpp(193,40): warning C4365: аргумент: преобразование "int" в "const unsigned __int64", несоответствие типов со знаком и без
E:\WORK\SPH\PROGRAMMS\C++\MODEL_C++\MODEL_C++\MODEL_FIX_1.cpp(194,26): warning C4365: аргумент: преобразование "int" в "const unsigned __int64", несоответствие типов со знаком и без
E:\WORK\SPH\PROGRAMMS\C++\MODEL_C++\MODEL_C++\MODEL_FIX_1.cpp(194,44): warning C4365: аргумент: преобразование "int" в "const unsigned __int64", несоответствие типов со знаком и без
E:\WORK\SPH\PROGRAMMS\C++\MODEL_C++\MODEL_C++\MODEL_FIX_1.cpp(229,21): warning C4244: =: преобразование "long double" в "double", возможна потеря данных
E:\WORK\SPH\PROGRAMMS\C++\MODEL_C++\MODEL_C++\MODEL_FIX_1.cpp(237,17): warning C4244: =: преобразование "long double" в "double", возможна потеря данных
E:\WORK\SPH\PROGRAMMS\C++\MODEL_C++\MODEL_C++\MODEL_FIX_1.cpp(238,17): warning C4244: =: преобразование "long double" в "double", возможна потеря данных
E:\WORK\SPH\PROGRAMMS\C++\MODEL_C++\MODEL_C++\MODEL_FIX_1.cpp(326,25): warning C4244: =: преобразование "long double" в "double", возможна потеря данных
E:\WORK\SPH\PROGRAMMS\C++\MODEL_C++\MODEL_C++\MODEL_FIX_1.cpp(329,16): warning C4244: =: преобразование "long double" в "double", возможна потеря данных
E:\WORK\SPH\PROGRAMMS\C++\MODEL_C++\MODEL_C++\MODEL_FIX_1.cpp(18): warning C5045: Компилятор вставит компонент устранения рисков Spectre для загрузки памяти, если указан параметр /Qspectre
  E:\WORK\SPH\PROGRAMMS\C++\MODEL_C++\MODEL_C++\MODEL_FIX_1.cpp(16) : Примечание. Диапазон индекса "LA", проверенный путем сравнения, в этой строке
  E:\WORK\SPH\PROGRAMMS\C++\MODEL_C++\MODEL_C++\MODEL_FIX_1.cpp(18) : Примечание. Вызов веб-каналов в этой строке
E:\WORK\SPH\PROGRAMMS\C++\MODEL_C++\MODEL_C++\MODEL_FIX_1.cpp(7): warning C5045: Компилятор вставит компонент устранения рисков Spectre для загрузки памяти, если указан параметр /Qspectre
  E:\WORK\SPH\PROGRAMMS\C++\MODEL_C++\MODEL_C++\MODEL_FIX_1.cpp(5) : Примечание. Диапазон индекса "LA", проверенный путем сравнения, в этой строке
  E:\WORK\SPH\PROGRAMMS\C++\MODEL_C++\MODEL_C++\MODEL_FIX_1.cpp(7) : Примечание. Вызов веб-каналов в этой строке
E:\WORK\SPH\PROGRAMMS\C++\MODEL_C++\MODEL_C++\MODEL_FIX_1.cpp(266): warning C5045: Компилятор вставит компонент устранения рисков Spectre для загрузки памяти, если указан параметр /Qspectre
  E:\WORK\SPH\PROGRAMMS\C++\MODEL_C++\MODEL_C++\MODEL_FIX_1.cpp(264) : Примечание. Диапазон индекса "", проверенный путем сравнения, в этой строке
  E:\WORK\SPH\PROGRAMMS\C++\MODEL_C++\MODEL_C++\MODEL_FIX_1.cpp(266) : Примечание. Вызов веб-каналов в этой строке
E:\WORK\SPH\PROGRAMMS\C++\MODEL_C++\MODEL_C++\MODEL_FIX_1.cpp(256): warning C5045: Компилятор вставит компонент устранения рисков Spectre для загрузки памяти, если указан параметр /Qspectre
  E:\WORK\SPH\PROGRAMMS\C++\MODEL_C++\MODEL_C++\MODEL_FIX_1.cpp(254) : Примечание. Диапазон индекса "", проверенный путем сравнения, в этой строке
  E:\WORK\SPH\PROGRAMMS\C++\MODEL_C++\MODEL_C++\MODEL_FIX_1.cpp(256) : Примечание. Вызов веб-каналов в этой строке
E:\WORK\SPH\PROGRAMMS\C++\MODEL_C++\MODEL_C++\MODEL_FIX_1.cpp(197): warning C5045: Компилятор вставит компонент устранения рисков Spectre для загрузки памяти, если указан параметр /Qspectre
  E:\WORK\SPH\PROGRAMMS\C++\MODEL_C++\MODEL_C++\MODEL_FIX_1.cpp(195) : Примечание. Диапазон индекса "PROBABLY", проверенный путем сравнения, в этой строке
  E:\WORK\SPH\PROGRAMMS\C++\MODEL_C++\MODEL_C++\MODEL_FIX_1.cpp(197) : Примечание. Вызов веб-каналов в этой строке
E:\WORK\SPH\PROGRAMMS\C++\MODEL_C++\MODEL_C++\MODEL_FIX_1.cpp(191): warning C5045: Компилятор вставит компонент устранения рисков Spectre для загрузки памяти, если указан параметр /Qspectre
  E:\WORK\SPH\PROGRAMMS\C++\MODEL_C++\MODEL_C++\MODEL_FIX_1.cpp(178) : Примечание. Диапазон индекса "", проверенный путем сравнения, в этой строке
  E:\WORK\SPH\PROGRAMMS\C++\MODEL_C++\MODEL_C++\MODEL_FIX_1.cpp(191) : Примечание. Вызов веб-каналов в этой строке
E:\WORK\SPH\PROGRAMMS\C++\MODEL_C++\MODEL_C++\MODEL_FIX_1.cpp(178): warning C5045: Компилятор вставит компонент устранения рисков Spectre для загрузки памяти, если указан параметр /Qspectre
  E:\WORK\SPH\PROGRAMMS\C++\MODEL_C++\MODEL_C++\MODEL_FIX_1.cpp(176) : Примечание. Диапазон индекса "", проверенный путем сравнения, в этой строке
  E:\WORK\SPH\PROGRAMMS\C++\MODEL_C++\MODEL_C++\MODEL_FIX_1.cpp(178) : Примечание. Вызов веб-каналов в этой строке
  MODEL_C++.vcxproj -> E:\WORK\SPH\PROGRAMMS\C++\MODEL_C++\x64\Debug\MODEL_C++.exe
